f:\miproject\musicvisualization\musicvisualization\x64\debug\waitimagewidget.obj
f:\miproject\musicvisualization\musicvisualization\x64\debug\videoitem.obj
f:\miproject\musicvisualization\musicvisualization\x64\debug\topwindow.obj
f:\miproject\musicvisualization\musicvisualization\x64\debug\displayvideoswindow.obj
f:\miproject\musicvisualization\musicvisualization\x64\debug\sqlitemanager.obj
f:\miproject\musicvisualization\musicvisualization\x64\debug\musicvisualization.obj
f:\miproject\musicvisualization\musicvisualization\x64\debug\threechoiceswindow.obj
f:\miproject\musicvisualization\musicvisualization\x64\debug\completedvideotable.obj
f:\miproject\musicvisualization\musicvisualization\x64\debug\main.obj
f:\miproject\musicvisualization\musicvisualization\x64\debug\waitingloadingwindow.obj
f:\miproject\musicvisualization\musicvisualization\x64\debug\moc_waitingloadingwindow.obj
f:\miproject\musicvisualization\musicvisualization\x64\debug\moc_threechoiceswindow.obj
f:\miproject\musicvisualization\musicvisualization\x64\debug\qrc_musicvisualization.obj
f:\miproject\musicvisualization\musicvisualization\x64\debug\moc_videoitem.obj
f:\miproject\musicvisualization\musicvisualization\x64\debug\moc_waitimagewidget.obj
f:\miproject\musicvisualization\musicvisualization\x64\debug\moc_musicvisualization.obj
f:\miproject\musicvisualization\musicvisualization\x64\debug\moc_topwindow.obj
f:\miproject\musicvisualization\musicvisualization\x64\debug\moc_displayvideoswindow.obj
f:\miproject\musicvisualization\musicvisualization\x64\debug\newnamewindow.obj
f:\miproject\musicvisualization\musicvisualization\x64\debug\moc_newnamewindow.obj
f:\miproject\musicvisualization\musicvisualization\x64\debug\reminderwidget.obj
f:\miproject\musicvisualization\musicvisualization\x64\debug\moc_reminderwidget.obj
f:\miproject\musicvisualization\musicvisualization\x64\debug\createvideowindow.obj
f:\miproject\musicvisualization\musicvisualization\x64\debug\moc_createvideowindow.obj
f:\miproject\musicvisualization\musicvisualization\x64\debug\vc141.pdb
f:\miproject\musicvisualization\musicvisualization\x64\debug\continuechoosewindow.obj
f:\miproject\musicvisualization\musicvisualization\x64\debug\unfinisheditem.obj
f:\miproject\musicvisualization\musicvisualization\x64\debug\moc_continuechoosewindow.obj
f:\miproject\musicvisualization\musicvisualization\x64\debug\moc_unfinisheditem.obj
f:\miproject\musicvisualization\musicvisualization\x64\debug\jsondatamodel.obj
f:\miproject\musicvisualization\musicvisualization\x64\debug\videodatamodel.obj
f:\miproject\musicvisualization\musicvisualization\x64\debug\createvideotable.obj
f:\miproject\musicvisualization\musicvisualization\x64\debug\createdatamodel.obj
f:\miproject\musicvisualization\musicvisualization\x64\debug\myhttp.obj
f:\miproject\musicvisualization\x64\debug\musicvisualization.exe
f:\miproject\musicvisualization\x64\debug\musicvisualization.ilk
f:\miproject\musicvisualization\x64\debug\musicvisualization.pdb
f:\miproject\musicvisualization\musicvisualization\x64\debug\\moc\moc_musicvisualization.cpp
f:\miproject\musicvisualization\musicvisualization\x64\debug\\moc\src\view\continuechoose\moc_unfinisheditem.cpp
f:\miproject\musicvisualization\musicvisualization\x64\debug\\moc\src\view\continuechoose\moc_continuechoosewindow.cpp
f:\miproject\musicvisualization\musicvisualization\x64\debug\\moc\src\view\createvideos\moc_createvideowindow.cpp
f:\miproject\musicvisualization\musicvisualization\x64\debug\\moc\src\view\createvideos\moc_reminderwidget.cpp
f:\miproject\musicvisualization\musicvisualization\x64\debug\\moc\src\view\createvideos\moc_newnamewindow.cpp
f:\miproject\musicvisualization\musicvisualization\x64\debug\\moc\src\view\displayvideos\moc_videoitem.cpp
f:\miproject\musicvisualization\musicvisualization\x64\debug\\moc\src\view\displayvideos\moc_displayvideoswindow.cpp
f:\miproject\musicvisualization\musicvisualization\x64\debug\\moc\src\view\common\moc_topwindow.cpp
f:\miproject\musicvisualization\musicvisualization\x64\debug\\moc\src\view\common\moc_waitimagewidget.cpp
f:\miproject\musicvisualization\musicvisualization\x64\debug\\moc\src\view\common\moc_waitingloadingwindow.cpp
f:\miproject\musicvisualization\musicvisualization\x64\debug\\moc\src\view\threechoices\moc_threechoiceswindow.cpp
f:\miproject\musicvisualization\musicvisualization\x64\debug\uic\ui_musicvisualization.h
f:\miproject\musicvisualization\musicvisualization\x64\debug\uic\src\view\common\ui_topwindow.h
f:\miproject\musicvisualization\musicvisualization\x64\debug\uic\src\view\common\ui_waitingloadingwindow.h
f:\miproject\musicvisualization\musicvisualization\x64\debug\uic\src\view\displayvideos\ui_displayvideoswindow.h
f:\miproject\musicvisualization\musicvisualization\x64\debug\uic\src\view\displayvideos\ui_videoitem.h
f:\miproject\musicvisualization\musicvisualization\x64\debug\uic\src\view\threechoices\ui_threechoiceswindow.h
f:\miproject\musicvisualization\musicvisualization\x64\debug\rcc\qrc_musicvisualization.cpp
f:\miproject\musicvisualization\musicvisualization\x64\debug\moc\moc_musicvisualization.cpp
f:\miproject\musicvisualization\musicvisualization\x64\debug\moc\src\view\displayvideos\moc_videoitem.cpp
f:\miproject\musicvisualization\musicvisualization\x64\debug\moc\src\view\displayvideos\moc_displayvideoswindow.cpp
f:\miproject\musicvisualization\musicvisualization\x64\debug\moc\src\view\common\moc_topwindow.cpp
f:\miproject\musicvisualization\musicvisualization\x64\debug\moc\src\view\common\moc_waitimagewidget.cpp
f:\miproject\musicvisualization\musicvisualization\x64\debug\moc\src\view\common\moc_waitingloadingwindow.cpp
f:\miproject\musicvisualization\musicvisualization\x64\debug\moc\src\view\threechoices\moc_threechoiceswindow.cpp
f:\miproject\musicvisualization\musicvisualization\x64\debug\uic\src\view\create\ui_newnamewindow.h
f:\miproject\musicvisualization\musicvisualization\x64\debug\moc\src\view\create\moc_newnamewindow.cpp
f:\miproject\musicvisualization\musicvisualization\x64\debug\uic\src\view\create\ui_reminderwidget.h
f:\miproject\musicvisualization\musicvisualization\x64\debug\moc\src\view\create\moc_reminderwidget.cpp
f:\miproject\musicvisualization\musicvisualization\x64\debug\uic\src\view\create\ui_createvideowindow.h
f:\miproject\musicvisualization\musicvisualization\x64\debug\moc\src\view\create\moc_createvideowindow.cpp
f:\miproject\musicvisualization\musicvisualization\x64\debug\uic\src\view\continuechoose\ui_unfinisheditem.h
f:\miproject\musicvisualization\musicvisualization\x64\debug\uic\src\view\continuechoose\ui_continuechoosewindow.h
f:\miproject\musicvisualization\musicvisualization\x64\debug\uic\src\view\createvideos\ui_createvideowindow.h
f:\miproject\musicvisualization\musicvisualization\x64\debug\uic\src\view\createvideos\ui_newnamewindow.h
f:\miproject\musicvisualization\musicvisualization\x64\debug\uic\src\view\createvideos\ui_reminderwidget.h
f:\miproject\musicvisualization\musicvisualization\x64\debug\moc\src\view\continuechoose\moc_unfinisheditem.cpp
f:\miproject\musicvisualization\musicvisualization\x64\debug\moc\src\view\continuechoose\moc_continuechoosewindow.cpp
f:\miproject\musicvisualization\musicvisualization\x64\debug\moc\src\view\createvideos\moc_createvideowindow.cpp
f:\miproject\musicvisualization\musicvisualization\x64\debug\moc\src\view\createvideos\moc_reminderwidget.cpp
f:\miproject\musicvisualization\musicvisualization\x64\debug\moc\src\view\createvideos\moc_newnamewindow.cpp
f:\miproject\musicvisualization\musicvisualization\x64\debug\\rcc\qrc_musicvisualization.cpp
f:\miproject\musicvisualization\musicvisualization\x64\debug\\uic\ui_musicvisualization.h
f:\miproject\musicvisualization\musicvisualization\x64\debug\\uic\src\view\common\ui_topwindow.h
f:\miproject\musicvisualization\musicvisualization\x64\debug\\uic\src\view\common\ui_waitingloadingwindow.h
f:\miproject\musicvisualization\musicvisualization\x64\debug\\uic\src\view\continuechoose\ui_continuechoosewindow.h
f:\miproject\musicvisualization\musicvisualization\x64\debug\\uic\src\view\continuechoose\ui_unfinisheditem.h
f:\miproject\musicvisualization\musicvisualization\x64\debug\\uic\src\view\createvideos\ui_createvideowindow.h
f:\miproject\musicvisualization\musicvisualization\x64\debug\\uic\src\view\createvideos\ui_newnamewindow.h
f:\miproject\musicvisualization\musicvisualization\x64\debug\\uic\src\view\createvideos\ui_reminderwidget.h
f:\miproject\musicvisualization\musicvisualization\x64\debug\\uic\src\view\displayvideos\ui_displayvideoswindow.h
f:\miproject\musicvisualization\musicvisualization\x64\debug\\uic\src\view\displayvideos\ui_videoitem.h
f:\miproject\musicvisualization\musicvisualization\x64\debug\\uic\src\view\threechoices\ui_threechoiceswindow.h
f:\miproject\musicvisualization\musicvisualization\x64\debug\musicvis.4efa56fc.tlog\cl.command.1.tlog
f:\miproject\musicvisualization\musicvisualization\x64\debug\musicvis.4efa56fc.tlog\cl.read.1.tlog
f:\miproject\musicvisualization\musicvisualization\x64\debug\musicvis.4efa56fc.tlog\cl.write.1.tlog
f:\miproject\musicvisualization\musicvisualization\x64\debug\musicvis.4efa56fc.tlog\link.command.1.tlog
f:\miproject\musicvisualization\musicvisualization\x64\debug\musicvis.4efa56fc.tlog\link.read.1.tlog
f:\miproject\musicvisualization\musicvisualization\x64\debug\musicvis.4efa56fc.tlog\link.write.1.tlog
f:\miproject\musicvisualization\musicvisualization\x64\debug\musicvis.4efa56fc.tlog\moc.read.1u.tlog
f:\miproject\musicvisualization\musicvisualization\x64\debug\musicvis.4efa56fc.tlog\moc.write.1u.tlog
f:\miproject\musicvisualization\musicvisualization\x64\debug\musicvis.4efa56fc.tlog\musicvisualization.write.1u.tlog
f:\miproject\musicvisualization\musicvisualization\x64\debug\musicvis.4efa56fc.tlog\rcc.read.1u.tlog
f:\miproject\musicvisualization\musicvisualization\x64\debug\musicvis.4efa56fc.tlog\rcc.write.1u.tlog
f:\miproject\musicvisualization\musicvisualization\x64\debug\musicvis.4efa56fc.tlog\uic.read.1u.tlog
f:\miproject\musicvisualization\musicvisualization\x64\debug\musicvis.4efa56fc.tlog\uic.write.1u.tlog
